Export time: 2018/05/31 17:24:31 EDT
Export duration: 18.363s

Export settings:
	Export Geometry: Models with Shape Fallback
	Output Path: Z:\_IGME\Summer\_GeoGames\MapboxTest\Assets\RITModel
	Simplify Terrain Meshes: true
	Terrain Layers: Export all selected terrain layers
	applicationName: CityEngine
	applicationString: CityEngine 2018.0.3929 0503R
	applicationVendor: Esri R&D Center Zurich Inc.
	applicationVersion: 2018.0.3929 05031749
	atlasAddWrapBorder: true
	author: anush
	baseName: SampleRIT
	colladaVersion: COLLADA_1_4_1
	collectTextures: true
	createShapeGroups: false
	createTextureAtlases: false
	encoderID: com.esri.prt.codecs.ColladaEncoder
	encoderName: COLLADA
	errorFallback: true
	existingFiles: OVERWRITE
	facesWithHoles: PASS
	fileGranularity: MEMORY_BUDGET
	globalOffset: [ -282210.8115234375, -0.0, 4773754.414001465 ]
	globalScalingFactor: 1.0
	includeMaterials: true
	localOffset: NONE
	maxAtlasDim: 11
	memoryBudget: 500
	mergeNormals: true
	mergeTexcoords: true
	mergeVertices: true
	meshGranularity: INSTANCED
	normalPrecision: 0.001
	reportMode: NONE
	sceneFile: /TestProject2/Projects/scenes/firstScene.cej
	script: 
	shapeNameDelimiter: _
	texcoordPrecision: 1.0E-4
	textureCoordinates: FIRST
	triangulateMeshes: false
	vertexIndexing: INDEXED
	vertexNormals: PASS
	vertexPrecision: 0.001
	writeLog: true

Initial shapes:
	  0 :   OK                '302'                                                        OID '2130b434-de05-11b3-aec0-009c231313a7'
	  1 :   OK                'Global Way 405'                                             OID '21327658-de05-11b3-aec0-009c231313a7'
	  2 :   OK                '323'                                                        OID '2133afbc-de05-11b3-aec0-009c231313a7'
	  3 :   OK                'Brown Hall'                                                 OID '21344109-de05-11b3-aec0-009c231313a7'
	  4 :   OK                'Monroe Hall'                                                OID '2135293a-de05-11b3-aec0-009c231313a7'
	  5 :   OK                'Riverknoll Apartments 226-240'                              OID '21361e3e-de05-11b3-aec0-009c231313a7'
	  6 :   OK                'Greek House A - Zeta Tau Alpha'                             OID '2136dff9-de05-11b3-aec0-009c231313a7'
	  7 :   OK                'Riverknoll Apartments 380-392'                              OID '2137758c-de05-11b3-aec0-009c231313a7'
	  8 :   OK                'Red Barn'                                                   OID '21380f64-de05-11b3-aec0-009c231313a7'
	  9 :   OK                'Peter Peterson Hall'                                        OID '2138b05c-de05-11b3-aec0-009c231313a7'
	 10 :   OK                'Hugh L. Carey Hall'                                         OID '213a8672-de05-11b3-aec0-009c231313a7'
	 11 :   OK                'Liberal Arts Hall'                                          OID '213b717d-de05-11b3-aec0-009c231313a7'
	 12 :   OK                'Frances Baker Hall (C&D)'                                   OID '213c1275-de05-11b3-aec0-009c231313a7'
	 13 :   OK                'Engineering Hall'                                           OID '213d6c9d-de05-11b3-aec0-009c231313a7'
	 14 :   OK                'Welcome Center'                                             OID '213e4249-de05-11b3-aec0-009c231313a7'
	 15 :   OK                '325'                                                        OID '213f5aea-de05-11b3-aec0-009c231313a7'
	 16 :   OK                'Global Village Way C'                                       OID '213fe95d-de05-11b3-aec0-009c231313a7'
	 17 :   OK                'James E. Gleason Hall'                                      OID '2141f2bb-de05-11b3-aec0-009c231313a7'
	 18 :   OK                '310'                                                        OID '214367f3-de05-11b3-aec0-009c231313a7'
	 19 :   OK                'way_101461909'                                              OID '2143f940-de05-11b3-aec0-009c231313a7'
	 20 :   OK                'Lyndon Baines Johnson Hall'                                 OID '2144ceed-de05-11b3-aec0-009c231313a7'
	 21 :   OK                'way_469634160'                                              OID '2146263b-de05-11b3-aec0-009c231313a7'
	 22 :   OK                'Riverknoll Apartments 44-68'                                OID '21474e87-de05-11b3-aec0-009c231313a7'
	 23 :   OK                'Riverknoll Apartments 67-111'                               OID '21482e2c-de05-11b3-aec0-009c231313a7'
	 24 :   OK                '308'                                                        OID '21492e95-de05-11b3-aec0-009c231313a7'
	 25 :   OK                'Riverknoll Apartments 124-144'                              OID '21499c45-de05-11b3-aec0-009c231313a7'
	 26 :   OK                'MAGIC Spell Studios'                                        OID '214a6246-de05-11b3-aec0-009c231313a7'
	 27 :   OK                '305'                                                        OID '214b5b90-de05-11b3-aec0-009c231313a7'
	 28 :   OK                'Riverknoll Apartments 4-16'                                 OID '214bea03-de05-11b3-aec0-009c231313a7'
	 29 :   OK                'Frank Ritter Ice Arena'                                     OID '214c8c68-de05-11b3-aec0-009c231313a7'
	 30 :   OK                'Riverknoll Apartments 20-40'                                OID '214d82d8-de05-11b3-aec0-009c231313a7'
	 31 :   OK                'way_289321640'                                              OID '214e0479-de05-11b3-aec0-009c231313a7'
	 32 :   OK                '315'                                                        OID '214ee6f8-de05-11b3-aec0-009c231313a7'
	 33 :   OK                'Residence Hall A'                                           OID '214f83aa-de05-11b3-aec0-009c231313a7'
	 34 :   OK                'way_469634388'                                              OID '2154ccf1-de05-11b3-aec0-009c231313a7'
	 35 :   OK                'Institute Hall'                                             OID '21560c07-de05-11b3-aec0-009c231313a7'
	 36 :   OK                '311'                                                        OID '21572d34-de05-11b3-aec0-009c231313a7'
	 37 :   OK                'Riverknoll Apartments 72-120'                               OID '2157f60f-de05-11b3-aec0-009c231313a7'
	 38 :   OK                'Center For Bioscience Education And Technology'             OID '2158d448-de05-11b3-aec0-009c231313a7'
	 39 :   OK                'Schmitt Interfaith Center'                                  OID '2159eb7b-de05-11b3-aec0-009c231313a7'
	 40 :   OK                'Chester F. Carlson Center for Imaging Science'              OID '215af470-de05-11b3-aec0-009c231313a7'
	 41 :   OK                'way_469633671'                                              OID '215b928f-de05-11b3-aec0-009c231313a7'
	 42 :   OK                'Greek House F - Pi Kappa Phi'                               OID '215c5004-de05-11b3-aec0-009c231313a7'
	 43 :   OK                '303'                                                        OID '215d494e-de05-11b3-aec0-009c231313a7'
	 44 :   OK                'Annex'                                                      OID '215dbe1d-de05-11b3-aec0-009c231313a7'
	 45 :   OK                'Vignelli Center for Design Studies'                         OID '215e6ec1-de05-11b3-aec0-009c231313a7'
	 46 :   OK                'Grace Watson Hall'                                          OID '2160491c-de05-11b3-aec0-009c231313a7'
	 47 :   OK                '301'                                                        OID '2162f099-de05-11b3-aec0-009c231313a7'
	 48 :   OK                'Louise Slaughter Hall'                                      OID '21649a86-de05-11b3-aec0-009c231313a7'
	 49 :   OK                'Kate Gleason Hall'                                          OID '21661404-de05-11b3-aec0-009c231313a7'
	 50 :   OK                'Eugene Colby Hall (F&G)'                                    OID '2168f5e9-de05-11b3-aec0-009c231313a7'
	 51 :   OK                '324'                                                        OID '216be059-de05-11b3-aec0-009c231313a7'
	 52 :   OK                '307'                                                        OID '216d0a11-de05-11b3-aec0-009c231313a7'
	 53 :   OK                'Riverknoll Apartments 516-536'                              OID '216dab09-de05-11b3-aec0-009c231313a7'
	 54 :   OK                'Riverknoll Apartments 35-47'                                OID '216f46b8-de05-11b3-aec0-009c231313a7'
	 55 :   OK                'Gene Polisseni Center'                                      OID '21704001-de05-11b3-aec0-009c231313a7'
	 56 :   OK                'Global Village Plaza'                                       OID '21723c8d-de05-11b3-aec0-009c231313a7'
	 57 :   OK                '327'                                                        OID '2173a7cd-de05-11b3-aec0-009c231313a7'
	 58 :   OK                'George Eastman Hall'                                        OID '21750ec6-de05-11b3-aec0-009c231313a7'
	 59 :   OK                'Munsell Color Science Laboratory'                           OID '2175d082-de05-11b3-aec0-009c231313a7'
	 60 :   OK                'Mark Ellingson Hall'                                        OID '2176a07c-de05-11b3-aec0-009c231313a7'
	 61 :   OK                'Frank E. Gannett Hall'                                      OID '21781721-de05-11b3-aec0-009c231313a7'
	 62 :   OK                '330'                                                        OID '217943b2-de05-11b3-aec0-009c231313a7'
	 63 :   OK                'Sol Heumann Hall'                                           OID '2179fce2-de05-11b3-aec0-009c231313a7'
	 64 :   OK                'Residence Hall B'                                           OID '217af905-de05-11b3-aec0-009c231313a7'
	 65 :   OK                'Crossroads'                                                 OID '217c18c5-de05-11b3-aec0-009c231313a7'
	 66 :   OK                'Riverknoll Apartments 452-496'                              OID '217d1d74-de05-11b3-aec0-009c231313a7'
	 67 :   OK                'Golisano Hall'                                              OID '21800abd-de05-11b3-aec0-009c231313a7'
	 68 :   OK                '312'                                                        OID '2181a66c-de05-11b3-aec0-009c231313a7'
	 69 :   OK                'Riverknoll Apartments 292-304'                              OID '218220ed-de05-11b3-aec0-009c231313a7'
	 70 :   OK                'Lewis P. Ross Hall'                                         OID '21835059-de05-11b3-aec0-009c231313a7'
	 71 :   OK                'Eugene Colby Hall (C,D,E)'                                  OID '21842e91-de05-11b3-aec0-009c231313a7'
	 72 :   OK                'way_289322597'                                              OID '2184c86a-de05-11b3-aec0-009c231313a7'
	 73 :   OK                'Residence Hall D'                                           OID '21858a26-de05-11b3-aec0-009c231313a7'
	 74 :   OK                'University Gallery'                                         OID '21869761-de05-11b3-aec0-009c231313a7'
	 75 :   OK                'Dribbles Sports Bar'                                        OID '21877b4c-de05-11b3-aec0-009c231313a7'
	 76 :   OK                'way_469634389'                                              OID '21886a9d-de05-11b3-aec0-009c231313a7'
	 77 :   OK                'Riverknoll Apartments 428-448'                              OID '2189392b-de05-11b3-aec0-009c231313a7'
	 78 :   OK                'Riverknoll Apartments 332-376'                              OID '218a1e83-de05-11b3-aec0-009c231313a7'
	 79 :   OK                'Riverknoll Apartments 3-31'                                 OID '218ac3c1-de05-11b3-aec0-009c231313a7'
	 80 :   OK                'Wallace Library'                                            OID '218b89c2-de05-11b3-aec0-009c231313a7'
	 81 :   OK                '306'                                                        OID '218cce8c-de05-11b3-aec0-009c231313a7'
	 82 :   OK                'Greek House C - Alpha Sigma Alpha'                          OID '218d44c7-de05-11b3-aec0-009c231313a7'
	 83 :   OK                'Rocket Motor Testing'                                       OID '218dd1ce-de05-11b3-aec0-009c231313a7'
	 84 :   OK                'Residence Hall C'                                           OID '218e9eef-de05-11b3-aec0-009c231313a7'
	 85 :   OK                'Frances Baker Hall (A&B)'                                   OID '218f9119-de05-11b3-aec0-009c231313a7'
	 86 :   OK                'Riverknoll Apartments 244-264'                              OID '2190ee1a-de05-11b3-aec0-009c231313a7'
	 87 :   OK                '316'                                                        OID '2191fe2e-de05-11b3-aec0-009c231313a7'
	 88 :   OK                'Student Alumni Union'                                       OID '2192dafa-de05-11b3-aec0-009c231313a7'
	 89 :   OK                '313'                                                        OID '219447a6-de05-11b3-aec0-009c231313a7'
	 90 :   OK                'Professional Office Annex'                                  OID '2194bde2-de05-11b3-aec0-009c231313a7'
	 91 :   OK                'Hale-Andrews Student Life Center'                           OID '21959c1b-de05-11b3-aec0-009c231313a7'
	 92 :   OK                'University Services Center'                                 OID '2197142d-de05-11b3-aec0-009c231313a7'
	 93 :   OK                'Carlton Gibson Hall'                                        OID '2199607e-de05-11b3-aec0-009c231313a7'
	 94 :   OK                'Gordon Field House'                                         OID '219a81ab-de05-11b3-aec0-009c231313a7'
	 95 :   OK                'Sustainability Institute Hall'                              OID '219c0248-de05-11b3-aec0-009c231313a7'
	 96 :   OK                'Eugene Colby Hall (A&B)'                                    OID '21a13ebd-de05-11b3-aec0-009c231313a7'
	 97 :   OK                '326'                                                        OID '21a2d792-de05-11b3-aec0-009c231313a7'
	 98 :   OK                'Riverknoll Apartments 148-176'                              OID '21a386c9-de05-11b3-aec0-009c231313a7'
	 99 :   OK                'Riverknoll Apartments 51-63'                                OID '21a4527d-de05-11b3-aec0-009c231313a7'
	100 :   OK                'George H. Clark Gymnasium'                                  OID '21a50ff2-de05-11b3-aec0-009c231313a7'
	101 :   OK                'Storage'                                                    OID '21a640ca-de05-11b3-aec0-009c231313a7'
	102 :   OK                'Sands Family Studios'                                       OID '21a709a5-de05-11b3-aec0-009c231313a7'
	103 :   OK                'way_267594815'                                              OID '21a7e398-de05-11b3-aec0-009c231313a7'
	104 :   OK                'Riverknoll Apartments 396-424'                              OID '21a92b3a-de05-11b3-aec0-009c231313a7'
	105 :   OK                'Riverknoll Apartments 500-512'                              OID '21a9d4be-de05-11b3-aec0-009c231313a7'
	106 :   OK                'Helen Fish Hall (C&D)'                                      OID '21aae63f-de05-11b3-aec0-009c231313a7'
	107 :   OK                'Greek House B - Delta Phi Epsilon'                          OID '21acfddc-de05-11b3-aec0-009c231313a7'
	108 :   OK                'Rosica Hall'                                                OID '21add389-de05-11b3-aec0-009c231313a7'
	109 :   OK                'Nathaniel Rochester Hall'                                   OID '21af2ad7-de05-11b3-aec0-009c231313a7'
	110 :   OK                'Riverknoll Apartments 180-200'                              OID '21b051b6-de05-11b3-aec0-009c231313a7'
	111 :   OK                'Riverknoll Apartments 268-288'                              OID '21b11bfe-de05-11b3-aec0-009c231313a7'
	112 :   OK                'Engineering Technology Hall'                                OID '21b216b4-de05-11b3-aec0-009c231313a7'
	113 :   OK                'Max Lowenthal Hall'                                         OID '21b32835-de05-11b3-aec0-009c231313a7'
	114 :   OK                '314'                                                        OID '21b50124-de05-11b3-aec0-009c231313a7'
	115 :   OK                'ENT-GOL Upper Walkway'                                      OID '21b5b4a1-de05-11b3-aec0-009c231313a7'
	116 :   OK                '309'                                                        OID '21b6f524-de05-11b3-aec0-009c231313a7'
	117 :   OK                'Greek House D - Phi Kappa Psi'                              OID '21b76e39-de05-11b3-aec0-009c231313a7'
	118 :   OK                'James E. Booth Hall'                                        OID '21b857d8-de05-11b3-aec0-009c231313a7'
	119 :   OK                'Student Innovation Hall'                                    OID '21b9c1aa-de05-11b3-aec0-009c231313a7'
	120 :   OK                '304'                                                        OID '21bbcc75-de05-11b3-aec0-009c231313a7'
	121 :   OK                'Orange Hall'                                                OID '21bca38f-de05-11b3-aec0-009c231313a7'
	122 :   OK                'Greek House E - Alpha Xi Delta'                             OID '21bd3ed4-de05-11b3-aec0-009c231313a7'
	123 :   OK                'Global Village Way D'                                       OID '21bde9c5-de05-11b3-aec0-009c231313a7'
	124 :   OK                'Laboratory for Applied Computing'                           OID '21bec96a-de05-11b3-aec0-009c231313a7'
	125 :   OK                'Helen Fish Hall (A&B)'                                      OID '21bf7015-de05-11b3-aec0-009c231313a7'
	126 :   OK                '329'                                                        OID '21c07ebd-de05-11b3-aec0-009c231313a7'
	127 :   OK                'Riverknoll Apartments 204-224'                              OID '21c0ec6c-de05-11b3-aec0-009c231313a7'
	128 :   OK                '328'                                                        OID '21c20679-de05-11b3-aec0-009c231313a7'
	129 :   OK                'way_158959173'                                              OID '21c27596-de05-11b3-aec0-009c231313a7'
	130 :   OK                'August Center'                                              OID '21c2f2f1-de05-11b3-aec0-009c231313a7'
	131 :   OK                'Thomas Gosnell Hall'                                        OID '21c51d12-de05-11b3-aec0-009c231313a7'
		CGA Warnings:
			[Method: 'Default$Building_From_Footprint$Facade_Schematic$VerticalPattern'] _$peekFloat(): SplitXYZ: leaf 0 has size 0.000315, too small, ignored
			[Method: 'Default$Building_From_Footprint$Facade_Schematic$VerticalPattern'] _$peekFloat(): SplitXYZ: leaf 2 has size 0.000315, too small, ignored
			[Method: 'Default$Building_From_Footprint$Facade_Schematic$VerticalPattern'] _$peekFloat(): SplitXYZ: leaf 0 has size 0.000319, too small, ignored
			[Method: 'Default$Building_From_Footprint$Facade_Schematic$VerticalPattern'] _$peekFloat(): SplitXYZ: leaf 2 has size 0.000319, too small, ignored
	132 :   OK                'Baush & Lomb Center'                                        OID '21c5f2bf-de05-11b3-aec0-009c231313a7'
	133 :   OK                'Riverknoll Apartments 308-328'                              OID '21c68f71-de05-11b3-aec0-009c231313a7'
	134 :   OK                'CSD Student Development Center'                             OID '21c799d3-de05-11b3-aec0-009c231313a7'
	135 :   OK                'Basemap_Imagery3'                                           OID 'f58c3822-f12f-11b3-94f2-009c231313a7'



Files created:
	'SampleRIT_0.dae':
		Initial shapes:
			0, 1, 2, 3, 4, 5, 6, 7, 8, 9, 10, 11, 12, 13, 14, 15, 16, 17, 18, 19, 20, 21, 22, 23, 24, 25, 26, 27, 28, 29, 30, 31, 32, 33, 34, 35, 36, 37, 38, 39, 40, 41, 42, 43, 44, 45, 46, 47, 48, 49, 50, 51, 52, 53, 54, 55, 56, 57, 58, 59, 60, 61, 62, 63, 64, 65, 66, 67, 68, 69, 70, 71, 72, 73, 74, 75, 76, 77, 78, 79, 80, 81, 82, 83, 84, 85, 86, 87, 88, 89, 90, 91, 92, 93, 94, 95, 96, 97, 98, 99, 100, 101, 102, 103, 104, 105, 106, 107, 108, 109, 110, 111, 112, 113, 114, 115, 116, 117, 118, 119, 120, 121, 122, 123, 124, 125, 126, 127, 128, 129, 130, 131, 132, 133, 134, 135, 
		MATERIAL:
			Total Materials: 10
			   | Name                    | Texture_0   
			===+=========================+=============
			 1  'CityEngineMaterial7'     ''           
			 2  'CityEngineMaterial'      ''           
			 3  'CityEngineMaterial6'     ''           
			 4  'CityEngineMaterial8'     ''           
			 5  'CityEngineMaterial3'     ''           
			 6  'CityEngineMaterial1'     ''           
			 7  'CityEngineShapeMaterial' 'texture.jpg'
			 8  'CityEngineMaterial2'     ''           
			 9  'CityEngineMaterial5'     ''           
			10  'CityEngineMaterial4'     ''           
		GEOMETRY:
			Total Meshes: 10
			Total Polygons: 41946
			   | Name                         | Instance Occurrences | Material                    | Polygons 
			===+==============================+======================+=============================+==========
			 1  'mesh_CityEngineMaterial'                          1  'CityEngineMaterial(1),'           1855 
			 2  'mesh_CityEngineMaterial1'                         1  'CityEngineMaterial5(1),'            10 
			 3  'mesh_CityEngineMaterial2'                         1  'CityEngineMaterial6(1),'            18 
			 4  'mesh_CityEngineMaterial3'                         1  'CityEngineMaterial4(1),'            18 
			 5  'mesh_CityEngineShapeMaterial'                     1  'CityEngineShapeMaterial(1),'         1 
			 6  'mesh_CityEngineMaterial4'                         1  'CityEngineMaterial8(1),'            68 
			 7  'mesh_CityEngineMaterial5'                         1  'CityEngineMaterial2(1),'         15778 
			 8  'mesh_CityEngineMaterial6'                         1  'CityEngineMaterial1(1),'         24112 
			 9  'mesh_CityEngineMaterial7'                         1  'CityEngineMaterial7(1),'            85 
			10  'mesh_CityEngineMaterial8'                         1  'CityEngineMaterial3(1),'             1 